2024-12-30 09:54:25 [main] INFO  org.onboard.CsvToXml - Csv File taken from resource
2024-12-30 10:30:11 [main] INFO  org.onboard.CsvToXml - Required file found, processing further.
2024-12-30 10:30:35 [main] FATAL org.onboard.CsvToXml - Required resource departments.csv is missing. Can't process further
2024-12-30 10:31:33 [main] INFO  org.onboard.CsvToXml - Required file found, processing further.
2024-12-30 10:35:06 [main] INFO  org.onboard.CsvToXml - Required file found, processing further.
2024-12-30 10:35:07 [main] INFO  org.onboard.CsvToXml - Closing file reader
2024-12-30 10:46:50 [main] INFO  org.onboard.CsvToXml - Required file found, processing further.
2024-12-30 10:46:50 [main] DEBUG org.onboard.CsvToXml - Started reading the file
2024-12-30 10:46:50 [main] DEBUG org.onboard.CsvToXml - Successfully converted into base list
2024-12-30 10:46:50 [main] DEBUG org.onboard.CsvToXml - Successfully converted into hierarchy list
2024-12-30 10:46:51 [main] DEBUG org.onboard.CsvToXml - Successfully generated XML file from CSV
2024-12-30 10:46:51 [main] INFO  org.onboard.CsvToXml - Closing file reader
2024-12-30 11:01:24 [main] INFO  org.onboard.CsvToXml - Required file found, processing further.
2024-12-30 11:01:24 [main] DEBUG org.onboard.CsvToXml - Started reading the file
2024-12-30 11:01:24 [main] INFO  org.onboard.CsvToXml - Successfully converted into base list
2024-12-30 11:01:24 [main] INFO  org.onboard.CsvToXml - Successfully converted into hierarchy list
2024-12-30 11:01:25 [main] DEBUG org.onboard.CsvToXml - Successfully generated XML file from CSV
2024-12-30 11:01:25 [main] INFO  org.onboard.CsvToXml - Closing file reader
2024-12-30 11:02:44 [main] INFO  org.onboard.CsvToXml - Application started
2024-12-30 11:02:45 [main] INFO  org.onboard.CsvToXml - Required file found, processing further.
2024-12-30 11:02:45 [main] DEBUG org.onboard.CsvToXml - Started reading the file
2024-12-30 11:02:45 [main] INFO  org.onboard.CsvToXml - Successfully converted into base list
2024-12-30 11:02:45 [main] INFO  org.onboard.CsvToXml - Successfully converted into hierarchy list
2024-12-30 11:02:45 [main] DEBUG org.onboard.CsvToXml - Successfully generated XML file from CSV
2024-12-30 11:02:45 [main] INFO  org.onboard.CsvToXml - Closing file reader
2024-12-30 11:28:09 [main] INFO  org.onboard.CsvToXml - Application started
2024-12-30 11:28:09 [main] INFO  org.onboard.CsvToXml - Required file found, processing further.
2024-12-30 11:28:09 [main] DEBUG org.onboard.CsvToXml - Started reading the file
2024-12-30 11:28:10 [main] INFO  org.onboard.CsvToXml - Successfully converted into base list
2024-12-30 11:28:10 [main] INFO  org.onboard.CsvToXml - Successfully converted into hierarchy list
2024-12-30 11:28:10 [main] DEBUG org.onboard.CsvToXml - Successfully generated XML file from CSV
2024-12-30 11:28:10 [main] INFO  org.onboard.CsvToXml - Closing file reader
2024-12-30 11:28:42 [main] INFO  org.onboard.CsvToXml - Application started
2024-12-30 11:28:42 [main] INFO  org.onboard.CsvToXml - Required file found, processing further.
2024-12-30 11:28:42 [main] DEBUG org.onboard.CsvToXml - Started reading the file
2024-12-30 11:28:43 [main] INFO  org.onboard.CsvToXml - Successfully converted into base list
2024-12-30 11:28:43 [main] INFO  org.onboard.CsvToXml - Successfully converted into hierarchy list
2024-12-30 11:28:43 [main] DEBUG org.onboard.CsvToXml - Successfully generated XML file from CSV
2024-12-30 11:28:43 [main] INFO  org.onboard.CsvToXml - Closing file reader
2024-12-30 11:29:37 [main] INFO  org.onboard.CsvToXml - Application started
2024-12-30 11:29:37 [main] INFO  org.onboard.CsvToXml - Required file found, processing further.
2024-12-30 11:29:37 [main] DEBUG org.onboard.CsvToXml - Started reading the file
2024-12-30 11:29:37 [main] INFO  org.onboard.CsvToXml - Successfully converted into base list
2024-12-30 11:29:38 [main] INFO  org.onboard.CsvToXml - Successfully converted into hierarchy list
2024-12-30 11:29:38 [main] DEBUG org.onboard.CsvToXml - Successfully generated XML file from CSV
2024-12-30 11:29:38 [main] INFO  org.onboard.CsvToXml - Closing file reader
2024-12-30 11:30:06 [main] INFO  org.onboard.CsvToXml - Application started
2024-12-30 11:30:06 [main] INFO  org.onboard.CsvToXml - Required file found, processing further.
2024-12-30 11:30:06 [main] DEBUG org.onboard.CsvToXml - Started reading the file
2024-12-30 11:30:06 [main] INFO  org.onboard.CsvToXml - Successfully converted into base list
2024-12-30 11:30:06 [main] INFO  org.onboard.CsvToXml - Successfully converted into hierarchy list
2024-12-30 11:30:07 [main] DEBUG org.onboard.CsvToXml - Successfully generated XML file from CSV
2024-12-30 11:30:07 [main] INFO  org.onboard.CsvToXml - Closing file reader
2024-12-30 11:46:02 [main] INFO  org.onboard.CsvToXml - Application started
2024-12-30 11:46:02 [main] INFO  org.onboard.CsvToXml - Required file found, processing further.
2024-12-30 11:46:02 [main] DEBUG org.onboard.CsvToXml - Started reading the file
2024-12-30 11:46:02 [main] INFO  org.onboard.CsvToXml - Successfully converted into base list
2024-12-30 11:46:02 [main] INFO  org.onboard.CsvToXml - Successfully converted into hierarchy list
2024-12-30 11:46:02 [main] INFO  org.onboard.CsvToXml - Started writing XML
2024-12-30 11:46:02 [main] INFO  org.onboard.CsvToXml - Creating hierarchy departments
2024-12-30 11:46:02 [main] INFO  org.onboard.CsvToXml - Creating hierarchy departments
2024-12-30 11:46:02 [main] INFO  org.onboard.CsvToXml - Creating hierarchy departments
2024-12-30 11:46:02 [main] INFO  org.onboard.CsvToXml - Creating hierarchy departments
2024-12-30 11:46:02 [main] INFO  org.onboard.CsvToXml - Creating hierarchy departments
2024-12-30 11:46:02 [main] INFO  org.onboard.CsvToXml - Creating hierarchy departments
2024-12-30 11:46:02 [main] INFO  org.onboard.CsvToXml - Creating hierarchy departments
2024-12-30 11:46:02 [main] INFO  org.onboard.CsvToXml - Creating hierarchy departments
2024-12-30 11:46:02 [main] INFO  org.onboard.CsvToXml - Creating hierarchy departments
2024-12-30 11:46:02 [main] DEBUG org.onboard.CsvToXml - Successfully generated XML file from CSV
2024-12-30 11:46:02 [main] INFO  org.onboard.CsvToXml - Closing file reader
2024-12-30 11:47:47 [main] INFO  org.onboard.CsvToXml - Application started
2024-12-30 11:47:47 [main] INFO  org.onboard.CsvToXml - Required file found, processing further.
2024-12-30 11:47:47 [main] DEBUG org.onboard.CsvToXml - Started reading the file
2024-12-30 11:47:47 [main] INFO  org.onboard.CsvToXml - Successfully converted into base list
2024-12-30 11:47:47 [main] INFO  org.onboard.CsvToXml - Successfully converted into hierarchy list
2024-12-30 11:47:48 [main] INFO  org.onboard.CsvToXml - Started writing XML
2024-12-30 11:47:48 [main] DEBUG org.onboard.CsvToXml - Successfully generated XML file from CSV
2024-12-30 11:47:48 [main] INFO  org.onboard.CsvToXml - Closing file reader
2024-12-30 12:11:45 [main] INFO  org.onboard.CsvToXml - Application started
2024-12-30 12:11:45 [main] INFO  org.onboard.CsvToXml - Required file found, processing further.
2024-12-30 12:11:45 [main] DEBUG org.onboard.CsvToXml - Started reading the file
2024-12-30 12:11:46 [main] INFO  org.onboard.CsvToXml - Successfully converted into base list
2024-12-30 12:11:46 [main] INFO  org.onboard.CsvToXml - Successfully converted into hierarchy list
2024-12-30 12:11:46 [main] INFO  org.onboard.CsvToXml - Started writing XML
2024-12-30 12:11:46 [main] DEBUG org.onboard.CsvToXml - Successfully generated XML file from CSV
2024-12-30 12:11:46 [main] INFO  org.onboard.CsvToXml - Closing the file reader
